c:\users\varun\desktop\project\final_varun\debuglibbuild\vc120.pdb
c:\users\piyush kedia\desktop\final_varun\debuglibbuild\vc120.pdb
c:\users\piyush kedia\desktop\final_varun\debuglibbuild\vc120.idb
c:\users\piyush kedia\desktop\final_varun\debuglibbuild\barbitmapwin32.obj
c:\users\piyush kedia\desktop\final_varun\debuglibbuild\bargenerator.obj
c:\users\piyush kedia\desktop\final_varun\debuglibbuild\bargeneratorcode128.obj
c:\users\piyush kedia\desktop\final_varun\debuglibbuild\bargeneratorcode25.obj
c:\users\piyush kedia\desktop\final_varun\debuglibbuild\bargeneratorcode39.obj
c:\users\piyush kedia\desktop\final_varun\debuglibbuild\bargeneratorcode93.obj
c:\users\piyush kedia\desktop\final_varun\debuglibbuild\bargeneratorean13.obj
c:\users\piyush kedia\desktop\final_varun\debuglibbuild\bargeneratorean8.obj
c:\users\piyush kedia\desktop\final_varun\debuglibbuild\barnoise.obj
c:\users\piyush kedia\desktop\final_varun\debuglibbuild\barreader.obj
c:\users\piyush kedia\desktop\final_varun\debuglibbuild\barreadercode128.obj
c:\users\piyush kedia\desktop\final_varun\debuglibbuild\barreadercode25.obj
c:\users\piyush kedia\desktop\final_varun\debuglibbuild\barreadercode39.obj
c:\users\piyush kedia\desktop\final_varun\debuglibbuild\barreadercode93.obj
c:\users\piyush kedia\desktop\final_varun\debuglibbuild\barreaderean13.obj
c:\users\piyush kedia\desktop\final_varun\debuglibbuild\barreaderean8.obj
c:\users\piyush kedia\desktop\final_varun\debuglibbuild\easybmp.obj
c:\users\piyush kedia\desktop\final_varun\debuglibbuild\easybmp_win32.obj
c:\users\piyush kedia\desktop\final_varun\debuglibbuild\libbarpp.obj
c:\users\ajinkya\desktop\assignment_2\scan_module\final_varun\debuglibbuild\vc120.pdb
c:\users\ajinkya\desktop\assignment_2\scan_module\final_varun\debuglibbuild\vc120.idb
c:\users\ajinkya\desktop\assignment_2\scan_module\final_varun\debuglibbuild\barbitmapwin32.obj
c:\users\ajinkya\desktop\assignment_2\scan_module\final_varun\debuglibbuild\bargenerator.obj
c:\users\ajinkya\desktop\assignment_2\scan_module\final_varun\debuglibbuild\bargeneratorcode128.obj
c:\users\ajinkya\desktop\assignment_2\scan_module\final_varun\debuglibbuild\bargeneratorcode25.obj
c:\users\ajinkya\desktop\assignment_2\scan_module\final_varun\debuglibbuild\bargeneratorcode39.obj
c:\users\ajinkya\desktop\assignment_2\scan_module\final_varun\debuglibbuild\bargeneratorcode93.obj
c:\users\ajinkya\desktop\assignment_2\scan_module\final_varun\debuglibbuild\bargeneratorean13.obj
c:\users\ajinkya\desktop\assignment_2\scan_module\final_varun\debuglibbuild\bargeneratorean8.obj
c:\users\ajinkya\desktop\assignment_2\scan_module\final_varun\debuglibbuild\barnoise.obj
c:\users\ajinkya\desktop\assignment_2\scan_module\final_varun\debuglibbuild\barreader.obj
c:\users\ajinkya\desktop\assignment_2\scan_module\final_varun\debuglibbuild\barreadercode128.obj
c:\users\ajinkya\desktop\assignment_2\scan_module\final_varun\debuglibbuild\barreadercode25.obj
c:\users\ajinkya\desktop\assignment_2\scan_module\final_varun\debuglibbuild\barreadercode39.obj
c:\users\ajinkya\desktop\assignment_2\scan_module\final_varun\debuglibbuild\barreadercode93.obj
c:\users\ajinkya\desktop\assignment_2\scan_module\final_varun\debuglibbuild\barreaderean13.obj
c:\users\ajinkya\desktop\assignment_2\scan_module\final_varun\debuglibbuild\barreaderean8.obj
c:\users\ajinkya\desktop\assignment_2\scan_module\final_varun\debuglibbuild\easybmp.obj
c:\users\ajinkya\desktop\assignment_2\scan_module\final_varun\debuglibbuild\easybmp_win32.obj
c:\users\ajinkya\desktop\assignment_2\scan_module\final_varun\debuglibbuild\libbarpp.obj
c:\users\varun\desktop\project\final_varun\debug\libbarpp.lib
c:\users\varun\desktop\project\final_varun\debug\libbarpp.exp
c:\users\piyush kedia\desktop\final_varun\debug\libbarpp.lib
c:\users\piyush kedia\desktop\final_varun\debug\libbarpp.exp
c:\users\ajinkya\desktop\assignment_2\scan_module\final_varun\debug\libbarpp.lib
c:\users\ajinkya\desktop\assignment_2\scan_module\final_varun\debug\libbarpp.exp
c:\users\varun\desktop\project\final_varun\debug\libbarpp.ilk
c:\users\varun\desktop\project\final_varun\debug\libbarpp.dll
c:\users\varun\desktop\project\final_varun\debug\libbarpp.pdb
c:\users\piyush kedia\desktop\final_varun\debug\libbarpp.ilk
c:\users\piyush kedia\desktop\final_varun\debug\libbarpp.dll
c:\users\piyush kedia\desktop\final_varun\debug\libbarpp.pdb
c:\users\ajinkya\desktop\assignment_2\scan_module\final_varun\debug\libbarpp.ilk
c:\users\ajinkya\desktop\assignment_2\scan_module\final_varun\debug\libbarpp.dll
c:\users\ajinkya\desktop\assignment_2\scan_module\final_varun\debug\libbarpp.pdb
c:\users\piyush kedia\desktop\final_varun\debuglibbuild\libbarpp.res
c:\users\ajinkya\desktop\assignment_2\scan_module\final_varun\debuglibbuild\libbarpp.res
c:\users\ajinkya\desktop\assignment_2\start\start_5\varun_backup\final_varun\debuglibbuild\barbitmapwin32.obj
c:\users\ajinkya\desktop\assignment_2\start\start_5\varun_backup\final_varun\debuglibbuild\bargenerator.obj
c:\users\ajinkya\desktop\assignment_2\start\start_5\varun_backup\final_varun\debuglibbuild\bargeneratorcode128.obj
c:\users\ajinkya\desktop\assignment_2\start\start_5\varun_backup\final_varun\debuglibbuild\bargeneratorcode25.obj
c:\users\ajinkya\desktop\assignment_2\start\start_5\varun_backup\final_varun\debuglibbuild\bargeneratorcode39.obj
c:\users\ajinkya\desktop\assignment_2\start\start_5\varun_backup\final_varun\debuglibbuild\bargeneratorcode93.obj
c:\users\ajinkya\desktop\assignment_2\start\start_5\varun_backup\final_varun\debuglibbuild\bargeneratorean13.obj
c:\users\ajinkya\desktop\assignment_2\start\start_5\varun_backup\final_varun\debuglibbuild\bargeneratorean8.obj
c:\users\ajinkya\desktop\assignment_2\start\start_5\varun_backup\final_varun\debuglibbuild\barnoise.obj
c:\users\ajinkya\desktop\assignment_2\start\start_5\varun_backup\final_varun\debuglibbuild\barreader.obj
c:\users\ajinkya\desktop\assignment_2\start\start_5\varun_backup\final_varun\debuglibbuild\barreadercode128.obj
c:\users\ajinkya\desktop\assignment_2\start\start_5\varun_backup\final_varun\debuglibbuild\barreadercode25.obj
c:\users\ajinkya\desktop\assignment_2\start\start_5\varun_backup\final_varun\debuglibbuild\barreadercode39.obj
c:\users\ajinkya\desktop\assignment_2\start\start_5\varun_backup\final_varun\debuglibbuild\barreadercode93.obj
c:\users\ajinkya\desktop\assignment_2\start\start_5\varun_backup\final_varun\debuglibbuild\barreaderean13.obj
c:\users\ajinkya\desktop\assignment_2\start\start_5\varun_backup\final_varun\debuglibbuild\barreaderean8.obj
c:\users\ajinkya\desktop\assignment_2\start\start_5\varun_backup\final_varun\debuglibbuild\easybmp.obj
c:\users\ajinkya\desktop\assignment_2\start\start_5\varun_backup\final_varun\debuglibbuild\easybmp_win32.obj
c:\users\ajinkya\desktop\assignment_2\start\start_5\varun_backup\final_varun\debuglibbuild\libbarpp.obj
c:\users\ajinkya\desktop\assignment_2\start\start_5\varun_backup\final_varun\debuglibbuild\libbarpp.res
c:\users\ajinkya\desktop\assignment_2\start\start_5\varun_backup\final_varun\debuglibbuild\vc120.idb
c:\users\ajinkya\desktop\assignment_2\start\start_5\varun_backup\final_varun\debuglibbuild\vc120.pdb
c:\users\ajinkya\desktop\assignment_2\start\start_5\varun_backup\final_varun\debug\libbarpp.pdb
c:\users\ajinkya\desktop\assignment_2\start\start_5\varun_backup\final_varun\debug\libbarpp.dll
c:\users\ajinkya\desktop\assignment_2\start\start_5\varun_backup\final_varun\debug\libbarpp.ilk
c:\users\ajinkya\desktop\assignment_2\start\start_5\varun_backup\final_varun\debuglibbuild\libbarpp.tlog\cl.command.1.tlog
c:\users\ajinkya\desktop\assignment_2\start\start_5\varun_backup\final_varun\debuglibbuild\libbarpp.tlog\cl.read.1.tlog
c:\users\ajinkya\desktop\assignment_2\start\start_5\varun_backup\final_varun\debuglibbuild\libbarpp.tlog\cl.write.1.tlog
c:\users\ajinkya\desktop\assignment_2\start\start_5\varun_backup\final_varun\debuglibbuild\libbarpp.tlog\libbarpp.write.1u.tlog
c:\users\ajinkya\desktop\assignment_2\start\start_5\varun_backup\final_varun\debuglibbuild\libbarpp.tlog\link.command.1.tlog
c:\users\ajinkya\desktop\assignment_2\start\start_5\varun_backup\final_varun\debuglibbuild\libbarpp.tlog\link.read.1.tlog
c:\users\ajinkya\desktop\assignment_2\start\start_5\varun_backup\final_varun\debuglibbuild\libbarpp.tlog\link.write.1.tlog
c:\users\ajinkya\desktop\assignment_2\start\start_5\varun_backup\final_varun\debuglibbuild\libbarpp.tlog\rc.command.1.tlog
c:\users\ajinkya\desktop\assignment_2\start\start_5\varun_backup\final_varun\debuglibbuild\libbarpp.tlog\rc.read.1.tlog
c:\users\ajinkya\desktop\assignment_2\start\start_5\varun_backup\final_varun\debuglibbuild\libbarpp.tlog\rc.write.1.tlog
