c:\users\ajinkya\desktop\assignment_2\start\start_5\varun_backup\final_varun\debugexamplesbuild\vc120.pdb
c:\users\ajinkya\desktop\assignment_2\start\start_5\varun_backup\final_varun\debugexamplesbuild\.netframework,version=v4.0.assemblyattributes.obj
c:\users\ajinkya\desktop\assignment_2\start\start_5\varun_backup\final_varun\debugexamplesbuild\attendance.obj
c:\users\ajinkya\desktop\assignment_2\start\start_5\varun_backup\final_varun\debugexamplesbuild\examples.obj
c:\users\ajinkya\desktop\assignment_2\start\start_5\varun_backup\final_varun\debugexamplesbuild\examples.attendance.resources
c:\users\ajinkya\desktop\assignment_2\start\start_5\varun_backup\final_varun\debug\examples.exe
c:\users\ajinkya\desktop\assignment_2\start\start_5\varun_backup\final_varun\debug\examples.pdb
c:\users\ajinkya\desktop\assignment_2\start\start_5\varun_backup\final_varun\debugexamplesbuild\examples.vcxproj.generateresource.cache
c:\users\ajinkya\desktop\assignment_2\start\start_5\varun_backup\final_varun\debugexamplesbuild\examples.vcxprojresolveassemblyreference.cache
c:\users\ajinkya\desktop\assignment_2\start\start_5\varun_backup\final_varun\debugexamplesbuild\vc120.idb
c:\users\ajinkya\desktop\assignment_2\start\start_5\varun_backup\final_varun\debugexamplesbuild\examples.tlog\cl.command.1.tlog
c:\users\ajinkya\desktop\assignment_2\start\start_5\varun_backup\final_varun\debugexamplesbuild\examples.tlog\cl.read.1.tlog
c:\users\ajinkya\desktop\assignment_2\start\start_5\varun_backup\final_varun\debugexamplesbuild\examples.tlog\cl.write.1.tlog
c:\users\ajinkya\desktop\assignment_2\start\start_5\varun_backup\final_varun\debugexamplesbuild\examples.tlog\examples.write.1u.tlog
c:\users\ajinkya\desktop\assignment_2\start\start_5\varun_backup\final_varun\debugexamplesbuild\examples.tlog\link.command.1.tlog
c:\users\ajinkya\desktop\assignment_2\start\start_5\varun_backup\final_varun\debugexamplesbuild\examples.tlog\link.read.1.tlog
c:\users\ajinkya\desktop\assignment_2\start\start_5\varun_backup\final_varun\debugexamplesbuild\examples.tlog\link.write.1.tlog
c:\users\ajinkya\desktop\assignment_2\start\start_5\varun_backup\final_varun\debugexamplesbuild\examples.tlog\metagen.read.1.tlog
c:\users\ajinkya\desktop\assignment_2\start\start_5\varun_backup\final_varun\debugexamplesbuild\examples.tlog\metagen.write.1.tlog
c:\users\ajinkya\desktop\assignment_2\start\start_5\varun_backup\final_varun\debugexamplesbuild\examples.tlog\tzres.dll.bi
